d:\dan2018\ue_level_editor_jrproj_final\debug\vc141.pdb
d:\dan2018\ue_level_editor_jrproj_final\debug\vc141.idb
d:\dan2018\ue_level_editor_jrproj_final\debug\binarydeserializer.obj
d:\dan2018\ue_level_editor_jrproj_final\debug\binaryserializer.obj
d:\dan2018\ue_level_editor_jrproj_final\debug\binarysize.obj
d:\dan2018\ue_level_editor_jrproj_final\debug\button.obj
d:\dan2018\ue_level_editor_jrproj_final\debug\checkbox.obj
d:\dan2018\ue_level_editor_jrproj_final\debug\control.obj
d:\dan2018\ue_level_editor_jrproj_final\debug\label.obj
d:\dan2018\ue_level_editor_jrproj_final\debug\listbox.obj
d:\dan2018\ue_level_editor_jrproj_final\debug\listitem.obj
d:\dan2018\ue_level_editor_jrproj_final\debug\scrollbar.obj
d:\dan2018\ue_level_editor_jrproj_final\debug\textbox.obj
d:\dan2018\ue_level_editor_jrproj_final\debug\window.obj
d:\dan2018\ue_level_editor_jrproj_final\debug\dxsprite.obj
d:\dan2018\ue_level_editor_jrproj_final\debug\managerbase.obj
d:\dan2018\ue_level_editor_jrproj_final\debug\uee_statusbar.obj
d:\dan2018\ue_level_editor_jrproj_final\debug\uee_toolbar.obj
d:\dan2018\ue_level_editor_jrproj_final\debug\uee_topmenu.obj
d:\dan2018\ue_level_editor_jrproj_final\debug\uee_utilbar.obj
d:\dan2018\ue_level_editor_jrproj_final\debug\uimanager.obj
d:\dan2018\ue_level_editor_jrproj_final\debug\vertex.obj
d:\dan2018\ue_level_editor_jrproj_final\debug\appstats.obj
d:\dan2018\ue_level_editor_jrproj_final\debug\cshader.obj
d:\dan2018\ue_level_editor_jrproj_final\debug\dxapp.obj
d:\dan2018\ue_level_editor_jrproj_final\debug\dxcamera.obj
d:\dan2018\ue_level_editor_jrproj_final\debug\dxinput.obj
d:\dan2018\ue_level_editor_jrproj_final\debug\dxmain.obj
d:\dan2018\ue_level_editor_jrproj_final\debug\dxutil.obj
d:\dan2018\ue_level_editor_jrproj_final\debug\entityresource.obj
d:\dan2018\ue_level_editor_jrproj_final\debug\navgraph.obj
d:\dan2018\ue_level_editor_jrproj_final\debug\prop.obj
d:\dan2018\ue_level_editor_jrproj_final\debug\prop_mgr.obj
d:\dan2018\ue_level_editor_jrproj_final\debug\demonty_level_editor.ilk
d:\dan2018\ue_level_editor_jrproj_final\debug\demonty_level_editor.exe
d:\dan2018\ue_level_editor_jrproj_final\debug\demonty_level_editor.pdb
d:\dan2018\ue_level_editor_jrproj_final\debug\demonty_.9a86601b.tlog\cl.command.1.tlog
d:\dan2018\ue_level_editor_jrproj_final\debug\demonty_.9a86601b.tlog\cl.read.1.tlog
d:\dan2018\ue_level_editor_jrproj_final\debug\demonty_.9a86601b.tlog\cl.write.1.tlog
d:\dan2018\ue_level_editor_jrproj_final\debug\demonty_.9a86601b.tlog\link.command.1.tlog
d:\dan2018\ue_level_editor_jrproj_final\debug\demonty_.9a86601b.tlog\link.read.1.tlog
d:\dan2018\ue_level_editor_jrproj_final\debug\demonty_.9a86601b.tlog\link.write.1.tlog
